[2024-10-07T02:14:19.747Z] [INFO] Starting database update process
[2024-10-07T02:14:19.756Z] [ERROR] Error updating database: Cannot read properties of undefined (reading 'countDocuments')
[2024-10-07T02:16:20.978Z] [INFO] Starting database update process
[2024-10-07T02:16:20.981Z] [ERROR] Error updating database: Cannot read properties of undefined (reading 'countDocuments')
[2024-10-07T02:17:18.927Z] [INFO] Starting database update process
[2024-10-07T02:17:19.593Z] [ERROR] Error updating database: Cannot read properties of undefined (reading 'countDocuments')
[2024-10-07T02:17:26.917Z] [INFO] Starting database update process
[2024-10-07T02:17:26.925Z] [ERROR] Error updating database: Cannot read properties of undefined (reading 'countDocuments')
[2024-10-07T02:24:23.827Z] [INFO] Starting database update process
[2024-10-07T02:24:23.830Z] [ERROR] Error updating database: Cannot read properties of undefined (reading 'countDocuments')
[2024-10-07T02:25:08.733Z] [INFO] Starting database update process
[2024-10-07T02:25:08.735Z] [INFO] Total zip codes to process: 27
[2024-10-07T02:25:08.736Z] [INFO] Total batches: 2
[2024-10-07T02:25:08.737Z] [INFO] Starting batch 1/2
[2024-10-07T02:25:08.737Z] [ERROR] Error updating database: Cannot read properties of undefined (reading 'find')
[2024-10-07T02:25:38.393Z] [INFO] Starting database update process
[2024-10-07T02:25:38.394Z] [INFO] Total zip codes to process: 27
[2024-10-07T02:25:38.395Z] [INFO] Total batches: 2
[2024-10-07T02:25:38.396Z] [INFO] Starting batch 1/2
[2024-10-07T02:25:38.463Z] [INFO] Starting to process batch of 25 zipcodes
[2024-10-07T02:25:38.465Z] [INFO] Processed non-permitted zipcode 6702484222ed466c8b9309e9 in 0ms
[2024-10-07T02:25:38.466Z] [INFO] Processed non-permitted zipcode 6702484222ed466c8b9309ec in 0ms
[2024-10-07T02:25:38.920Z] [INFO] API call completed in 453ms: https://api.open-meteo.com/v1/forecast?latitude=40.0812&longitude=-98.3391&start=2023-01-01&end=2023-12-31&hourly=wind_speed_10m,temperature_2m,relative_humidity_2m,precipitation&timezone=auto
[2024-10-07T02:25:38.922Z] [INFO] Environmental data fetched in 455ms for coordinates: 40.0812, -98.3391
[2024-10-07T02:25:38.923Z] [INFO] Processed zipcode 67024dfae802e58cef2de4bd in 456ms
[2024-10-07T02:25:38.924Z] [INFO] Processed non-permitted zipcode 670251720e7925404b09a104 in 0ms
[2024-10-07T02:25:38.925Z] [INFO] Processed non-permitted zipcode 670266d733a97674d0d1a69e in 0ms
[2024-10-07T02:25:38.925Z] [INFO] Processed non-permitted zipcode 670266d733a97674d0d1a69f in 0ms
[2024-10-07T02:25:38.926Z] [INFO] Processed non-permitted zipcode 670266d733a97674d0d1a6a1 in 0ms
[2024-10-07T02:25:38.927Z] [INFO] Processed non-permitted zipcode 670266d733a97674d0d1a6a3 in 0ms
[2024-10-07T02:25:38.928Z] [INFO] Processed non-permitted zipcode 670266d733a97674d0d1a6a4 in 0ms
[2024-10-07T02:25:38.929Z] [INFO] Processed non-permitted zipcode 670266d733a97674d0d1a6a5 in 0ms
[2024-10-07T02:25:38.929Z] [INFO] Processed non-permitted zipcode 670266d733a97674d0d1a6a8 in 0ms
[2024-10-07T02:25:38.930Z] [INFO] Processed non-permitted zipcode 670266d733a97674d0d1a6af in 0ms
[2024-10-07T02:25:38.931Z] [INFO] Processed non-permitted zipcode 670266d733a97674d0d1a6b2 in 0ms
[2024-10-07T02:25:38.931Z] [INFO] Processed non-permitted zipcode 670266d733a97674d0d1a6b4 in 0ms
[2024-10-07T02:25:38.932Z] [INFO] Processed non-permitted zipcode 670266d733a97674d0d1a6b6 in 0ms
[2024-10-07T02:25:38.933Z] [INFO] Processed non-permitted zipcode 670266d733a97674d0d1a6ba in 0ms
[2024-10-07T02:25:38.934Z] [INFO] Processed non-permitted zipcode 670266d733a97674d0d1a6c2 in 0ms
[2024-10-07T02:25:38.934Z] [INFO] Processed non-permitted zipcode 670266d733a97674d0d1a6c5 in 0ms
[2024-10-07T02:25:38.935Z] [INFO] Processed non-permitted zipcode 670266d733a97674d0d1a6c7 in 0ms
[2024-10-07T02:25:38.936Z] [INFO] Processed non-permitted zipcode 670266d733a97674d0d1a6c8 in 0ms
[2024-10-07T02:25:38.936Z] [INFO] Processed non-permitted zipcode 670266d733a97674d0d1a6cb in 0ms
[2024-10-07T02:25:38.937Z] [INFO] Processed non-permitted zipcode 670266d733a97674d0d1a6cc in 0ms
[2024-10-07T02:25:38.938Z] [INFO] Processed non-permitted zipcode 670266d733a97674d0d1a6ce in 0ms
[2024-10-07T02:25:38.939Z] [INFO] Processed non-permitted zipcode 670266d733a97674d0d1a6d0 in 0ms
[2024-10-07T02:25:38.939Z] [INFO] Processed non-permitted zipcode 670266d733a97674d0d1a6d1 in 0ms
[2024-10-07T02:25:38.949Z] [ERROR] Error updating database: Update document requires atomic operators
[2024-10-07T02:30:08.702Z] [INFO] Starting database update process
[2024-10-07T02:30:08.704Z] [INFO] Total zip codes to process: 32306
[2024-10-07T02:30:08.704Z] [INFO] Total batches: 1293
[2024-10-07T02:30:08.705Z] [INFO] Starting batch 1/1293
[2024-10-07T02:30:08.754Z] [INFO] Starting to process batch of 25 zipcodes
[2024-10-07T02:30:08.755Z] [INFO] Processed non-permitted zipcode 6702484222ed466c8b9309e9 in 0ms
[2024-10-07T02:30:08.756Z] [INFO] Processed non-permitted zipcode 6702484222ed466c8b9309ec in 0ms
[2024-10-07T02:30:09.329Z] [INFO] API call completed in 572ms: https://api.open-meteo.com/v1/forecast?latitude=40.0812&longitude=-98.3391&start=2023-01-01&end=2023-12-31&hourly=wind_speed_10m,temperature_2m,relative_humidity_2m,precipitation&timezone=auto
[2024-10-07T02:30:09.331Z] [INFO] Environmental data fetched in 574ms for coordinates: 40.0812, -98.3391
[2024-10-07T02:30:09.332Z] [INFO] Processed zipcode 67024dfae802e58cef2de4bd in 574ms
[2024-10-07T02:30:09.332Z] [INFO] Processed non-permitted zipcode 670251720e7925404b09a104 in 0ms
[2024-10-07T02:30:09.333Z] [INFO] Processed non-permitted zipcode 670266d733a97674d0d1a69e in 0ms
[2024-10-07T02:30:09.334Z] [INFO] Processed non-permitted zipcode 670266d733a97674d0d1a69f in 0ms
[2024-10-07T02:30:09.335Z] [INFO] Processed non-permitted zipcode 670266d733a97674d0d1a6a1 in 0ms
[2024-10-07T02:30:09.335Z] [INFO] Processed non-permitted zipcode 670266d733a97674d0d1a6a3 in 0ms
[2024-10-07T02:30:09.336Z] [INFO] Processed non-permitted zipcode 670266d733a97674d0d1a6a4 in 0ms
[2024-10-07T02:30:09.337Z] [INFO] Processed non-permitted zipcode 670266d733a97674d0d1a6a5 in 0ms
[2024-10-07T02:30:09.337Z] [INFO] Processed non-permitted zipcode 670266d733a97674d0d1a6a8 in 0ms
[2024-10-07T02:30:09.338Z] [INFO] Processed non-permitted zipcode 670266d733a97674d0d1a6af in 0ms
[2024-10-07T02:30:09.339Z] [INFO] Processed non-permitted zipcode 670266d733a97674d0d1a6b2 in 0ms
[2024-10-07T02:30:09.339Z] [INFO] Processed non-permitted zipcode 670266d733a97674d0d1a6b4 in 0ms
[2024-10-07T02:30:09.340Z] [INFO] Processed non-permitted zipcode 670266d733a97674d0d1a6b6 in 0ms
[2024-10-07T02:30:09.341Z] [INFO] Processed non-permitted zipcode 670266d733a97674d0d1a6ba in 0ms
[2024-10-07T02:30:09.342Z] [INFO] Processed non-permitted zipcode 670266d733a97674d0d1a6c2 in 0ms
[2024-10-07T02:30:09.342Z] [INFO] Processed non-permitted zipcode 670266d733a97674d0d1a6c5 in 0ms
[2024-10-07T02:30:09.343Z] [INFO] Processed non-permitted zipcode 670266d733a97674d0d1a6c7 in 0ms
[2024-10-07T02:30:09.344Z] [INFO] Processed non-permitted zipcode 670266d733a97674d0d1a6c8 in 0ms
[2024-10-07T02:30:09.345Z] [INFO] Processed non-permitted zipcode 670266d733a97674d0d1a6cb in 0ms
[2024-10-07T02:30:09.346Z] [INFO] Processed non-permitted zipcode 670266d733a97674d0d1a6cc in 0ms
[2024-10-07T02:30:09.346Z] [INFO] Processed non-permitted zipcode 670266d733a97674d0d1a6ce in 0ms
[2024-10-07T02:30:09.347Z] [INFO] Processed non-permitted zipcode 670266d733a97674d0d1a6d0 in 0ms
[2024-10-07T02:30:09.348Z] [INFO] Processed non-permitted zipcode 670266d733a97674d0d1a6d1 in 0ms
[2024-10-07T02:30:09.360Z] [ERROR] Error updating database: Update document requires atomic operators
[2024-10-07T02:33:45.174Z] [INFO] Starting database update process
[2024-10-07T02:34:04.878Z] [INFO] Total zip codes to process: 32306
[2024-10-07T02:34:04.880Z] [INFO] Total batches: 1293
[2024-10-07T02:34:04.880Z] [INFO] Starting batch 1/1293
[2024-10-07T02:34:04.923Z] [INFO] Starting to process batch of 25 zipcodes
[2024-10-07T02:34:04.924Z] [INFO] Processed non-permitted zipcode 6702484222ed466c8b9309e9 in 0ms
[2024-10-07T02:34:04.925Z] [INFO] Processed non-permitted zipcode 6702484222ed466c8b9309ec in 0ms
[2024-10-07T02:34:05.333Z] [INFO] API call completed in 406ms: https://api.open-meteo.com/v1/forecast?latitude=40.0812&longitude=-98.3391&start=2023-01-01&end=2023-12-31&hourly=wind_speed_10m,temperature_2m,relative_humidity_2m,precipitation&timezone=auto
[2024-10-07T02:34:05.336Z] [INFO] Environmental data fetched in 410ms for coordinates: 40.0812, -98.3391
[2024-10-07T02:34:05.337Z] [INFO] Processed zipcode 67024dfae802e58cef2de4bd in 411ms
[2024-10-07T02:34:05.337Z] [INFO] Processed non-permitted zipcode 670251720e7925404b09a104 in 0ms
[2024-10-07T02:34:05.338Z] [INFO] Processed non-permitted zipcode 670266d733a97674d0d1a69e in 0ms
[2024-10-07T02:34:05.339Z] [INFO] Processed non-permitted zipcode 670266d733a97674d0d1a69f in 0ms
[2024-10-07T02:34:05.340Z] [INFO] Processed non-permitted zipcode 670266d733a97674d0d1a6a1 in 0ms
[2024-10-07T02:34:05.340Z] [INFO] Processed non-permitted zipcode 670266d733a97674d0d1a6a3 in 0ms
[2024-10-07T02:34:05.341Z] [INFO] Processed non-permitted zipcode 670266d733a97674d0d1a6a4 in 0ms
[2024-10-07T02:34:05.342Z] [INFO] Processed non-permitted zipcode 670266d733a97674d0d1a6a5 in 0ms
[2024-10-07T02:34:05.343Z] [INFO] Processed non-permitted zipcode 670266d733a97674d0d1a6a8 in 0ms
[2024-10-07T02:34:05.344Z] [INFO] Processed non-permitted zipcode 670266d733a97674d0d1a6af in 0ms
[2024-10-07T02:34:05.345Z] [INFO] Processed non-permitted zipcode 670266d733a97674d0d1a6b2 in 0ms
[2024-10-07T02:34:05.346Z] [INFO] Processed non-permitted zipcode 670266d733a97674d0d1a6b4 in 0ms
[2024-10-07T02:34:05.347Z] [INFO] Processed non-permitted zipcode 670266d733a97674d0d1a6b6 in 0ms
[2024-10-07T02:34:05.348Z] [INFO] Processed non-permitted zipcode 670266d733a97674d0d1a6ba in 0ms
[2024-10-07T02:34:05.349Z] [INFO] Processed non-permitted zipcode 670266d733a97674d0d1a6c2 in 0ms
[2024-10-07T02:34:05.350Z] [INFO] Processed non-permitted zipcode 670266d733a97674d0d1a6c5 in 1ms
[2024-10-07T02:34:05.350Z] [INFO] Processed non-permitted zipcode 670266d733a97674d0d1a6c7 in 0ms
[2024-10-07T02:34:05.351Z] [INFO] Processed non-permitted zipcode 670266d733a97674d0d1a6c8 in 0ms
[2024-10-07T02:34:05.352Z] [INFO] Processed non-permitted zipcode 670266d733a97674d0d1a6cb in 0ms
[2024-10-07T02:34:05.352Z] [INFO] Processed non-permitted zipcode 670266d733a97674d0d1a6cc in 0ms
[2024-10-07T02:34:05.353Z] [INFO] Processed non-permitted zipcode 670266d733a97674d0d1a6ce in 0ms
[2024-10-07T02:34:05.354Z] [INFO] Processed non-permitted zipcode 670266d733a97674d0d1a6d0 in 0ms
[2024-10-07T02:34:05.354Z] [INFO] Processed non-permitted zipcode 670266d733a97674d0d1a6d1 in 0ms
[2024-10-07T02:34:05.359Z] [ERROR] Bulk write error: Update document requires atomic operators
[2024-10-07T02:34:05.360Z] [ERROR] Error updating database: Update document requires atomic operators
